Assembler report for lab1
Fri Jan 16 13:36:13 2015
Quartus II 64-Bit Version 14.0.0 Build 200 06/17/2014 SJ Full Version


---------------------
; Table of Contents ;
---------------------
  1. Legal Notice
  2. Assembler Summary
  3. Assembler Settings
  4. Assembler Generated Files
  5. Assembler Device Options: U:/ee371labs/lab1/output_files/lab1.sof
  6. Assembler Messages



----------------
; Legal Notice ;
----------------
Copyright (C) 1991-2014 Altera Corporation. All rights reserved.
Your use of Altera Corporation's design tools, logic functions 
and other software and tools, and its AMPP partner logic 
functions, and any output files from any of the foregoing 
(including device programming or simulation files), and any 
associated documentation or information are expressly subject 
to the terms and conditions of the Altera Program License 
Subscription Agreement, the Altera Quartus II License Agreement,
the Altera MegaCore Function License Agreement, or other 
applicable license agreement, including, without limitation, 
that your use is for the sole purpose of programming logic 
devices manufactured by Altera and sold by Altera or its 
authorized distributors.  Please refer to the applicable 
agreement for further details.



+---------------------------------------------------------------+
; Assembler Summary                                             ;
+-----------------------+---------------------------------------+
; Assembler Status      ; Successful - Fri Jan 16 13:36:13 2015 ;
; Revision Name         ; lab1                                  ;
; Top-level Entity Name ; counter_ripple_4                      ;
; Family                ; Cyclone V                             ;
; Device                ; 5CSEMA5F31C6                          ;
+-----------------------+---------------------------------------+


+----------------------------------+
; Assembler Settings               ;
+--------+---------+---------------+
; Option ; Setting ; Default Value ;
+--------+---------+---------------+


+-----------------------------------------+
; Assembler Generated Files               ;
+-----------------------------------------+
; File Name                               ;
+-----------------------------------------+
; U:/ee371labs/lab1/output_files/lab1.sof ;
+-----------------------------------------+


+-------------------------------------------------------------------+
; Assembler Device Options: U:/ee371labs/lab1/output_files/lab1.sof ;
+----------------+--------------------------------------------------+
; Option         ; Setting                                          ;
+----------------+--------------------------------------------------+
; Device         ; 5CSEMA5F31C6                                     ;
; JTAG usercode  ; 0x00AF6A48                                       ;
; Checksum       ; 0x00AF6A48                                       ;
+----------------+--------------------------------------------------+


+--------------------+
; Assembler Messages ;
+--------------------+
Info: *******************************************************************
Info: Running Quartus II 64-Bit Assembler
    Info: Version 14.0.0 Build 200 06/17/2014 SJ Full Version
    Info: Processing started: Fri Jan 16 13:35:57 2015
Info: Command: quartus_asm --read_settings_files=off --write_settings_files=off lab1 -c lab1
Info (115030): Assembler is generating device programming files
Info: Quartus II 64-Bit Assembler was successful. 0 errors, 0 warnings
    Info: Peak virtual memory: 668 megabytes
    Info: Processing ended: Fri Jan 16 13:36:14 2015
    Info: Elapsed time: 00:00:17
    Info: Total CPU time (on all processors): 00:00:11


