Flow report for down_counter
Mon Jan 19 16:45:48 2015
Quartus II 64-Bit Version 14.0.0 Build 200 06/17/2014 SJ Full Version


---------------------
; Table of Contents ;
---------------------
  1. Legal Notice
  2. Flow Summary
  3. Flow Settings
  4. Flow Non-Default Global Settings
  5. Flow Elapsed Time
  6. Flow OS Summary
  7. Flow Log
  8. Flow Messages
  9. Flow Suppressed Messages



----------------
; Legal Notice ;
----------------
Copyright (C) 1991-2014 Altera Corporation. All rights reserved.
Your use of Altera Corporation's design tools, logic functions 
and other software and tools, and its AMPP partner logic 
functions, and any output files from any of the foregoing 
(including device programming or simulation files), and any 
associated documentation or information are expressly subject 
to the terms and conditions of the Altera Program License 
Subscription Agreement, the Altera Quartus II License Agreement,
the Altera MegaCore Function License Agreement, or other 
applicable license agreement, including, without limitation, 
that your use is for the sole purpose of programming logic 
devices manufactured by Altera and sold by Altera or its 
authorized distributors.  Please refer to the applicable 
agreement for further details.



+-------------------------------------------------------------------------------+
; Flow Summary                                                                  ;
+---------------------------------+---------------------------------------------+
; Flow Status                     ; Successful - Mon Jan 19 16:45:48 2015       ;
; Quartus II 64-Bit Version       ; 14.0.0 Build 200 06/17/2014 SJ Full Version ;
; Revision Name                   ; down_counter                                ;
; Top-level Entity Name           ; down_counter                                ;
; Family                          ; Cyclone V                                   ;
; Device                          ; 5CSEMA5F31C6                                ;
; Timing Models                   ; Final                                       ;
; Logic utilization (in ALMs)     ; 287 / 32,070 ( < 1 % )                      ;
; Total registers                 ; 486                                         ;
; Total pins                      ; 6 / 457 ( 1 % )                             ;
; Total virtual pins              ; 0                                           ;
; Total block memory bits         ; 640 / 4,065,280 ( < 1 % )                   ;
; Total PLLs                      ; 0 / 6 ( 0 % )                               ;
; Total DLLs                      ; 0 / 4 ( 0 % )                               ;
; Total DSP Blocks                ; 0 / 87 ( 0 % )                              ;
; Total HSSI RX PCSs              ; 0                                           ;
; Total HSSI PMA RX Deserializers ; 0                                           ;
; Total HSSI TX PCSs              ; 0                                           ;
; Total HSSI PMA TX Serializers   ; 0                                           ;
+---------------------------------+---------------------------------------------+


+-----------------------------------------+
; Flow Settings                           ;
+-------------------+---------------------+
; Option            ; Setting             ;
+-------------------+---------------------+
; Start date & time ; 01/19/2015 16:24:49 ;
; Main task         ; Compilation         ;
; Revision Name     ; down_counter        ;
+-------------------+---------------------+


+------------------------------------------------------------------------------------------------------------------+
; Flow Non-Default Global Settings                                                                                 ;
+-------------------------------------+-----------------------------+---------------+-------------+----------------+
; Assignment Name                     ; Value                       ; Default Value ; Entity Name ; Section Id     ;
+-------------------------------------+-----------------------------+---------------+-------------+----------------+
; COMPILER_SIGNATURE_ID               ; 91764460964.142171348802772 ; --            ; --          ; --             ;
; EDA_OUTPUT_DATA_FORMAT              ; Vhdl                        ; --            ; --          ; eda_simulation ;
; EDA_SIMULATION_TOOL                 ; ModelSim-Altera (VHDL)      ; <None>        ; --          ; --             ;
; MAX_CORE_JUNCTION_TEMP              ; 85                          ; --            ; --          ; --             ;
; MIN_CORE_JUNCTION_TEMP              ; 0                           ; --            ; --          ; --             ;
; PARTITION_COLOR                     ; 16764057                    ; --            ; --          ; Top            ;
; PARTITION_FITTER_PRESERVATION_LEVEL ; PLACEMENT_AND_ROUTING       ; --            ; --          ; Top            ;
; PARTITION_NETLIST_TYPE              ; SOURCE                      ; --            ; --          ; Top            ;
; PROJECT_OUTPUT_DIRECTORY            ; output_files                ; --            ; --          ; --             ;
+-------------------------------------+-----------------------------+---------------+-------------+----------------+


+-------------------------------------------------------------------------------------------------------------------------------+
; Flow Elapsed Time                                                                                                             ;
+---------------------------+--------------+-------------------------+---------------------+------------------------------------+
; Module Name               ; Elapsed Time ; Average Processors Used ; Peak Virtual Memory ; Total CPU Time (on all processors) ;
+---------------------------+--------------+-------------------------+---------------------+------------------------------------+
; Analysis & Synthesis      ; 00:00:09     ; 1.0                     ; 627 MB              ; 00:00:02                           ;
; Fitter                    ; 00:00:34     ; 1.8                     ; 2083 MB             ; 00:00:53                           ;
; Assembler                 ; 00:00:13     ; 1.0                     ; 678 MB              ; 00:00:10                           ;
; TimeQuest Timing Analyzer ; 00:00:13     ; 1.0                     ; 898 MB              ; 00:00:07                           ;
; EDA Netlist Writer        ; 00:00:02     ; 1.0                     ; 530 MB              ; 00:00:01                           ;
; Analysis & Synthesis      ; 00:00:34     ; 1.0                     ; 683 MB              ; 00:00:10                           ;
; Partition Merge           ; 00:00:08     ; 1.0                     ; 737 MB              ; 00:00:03                           ;
; Fitter                    ; 00:00:42     ; 1.6                     ; 2196 MB             ; 00:00:57                           ;
; Assembler                 ; 00:00:13     ; 1.0                     ; 665 MB              ; 00:00:11                           ;
; TimeQuest Timing Analyzer ; 00:00:26     ; 1.1                     ; 1014 MB             ; 00:00:22                           ;
; EDA Netlist Writer        ; 00:00:05     ; 1.0                     ; 549 MB              ; 00:00:02                           ;
; Analysis & Synthesis      ; 00:00:21     ; 1.0                     ; 684 MB              ; 00:00:07                           ;
; Partition Merge           ; 00:00:06     ; 1.0                     ; 740 MB              ; 00:00:03                           ;
; Fitter                    ; 00:00:37     ; 1.7                     ; 2236 MB             ; 00:00:52                           ;
; Assembler                 ; 00:00:14     ; 1.0                     ; 665 MB              ; 00:00:11                           ;
; TimeQuest Timing Analyzer ; 00:00:18     ; 1.0                     ; 985 MB              ; 00:00:12                           ;
; EDA Netlist Writer        ; 00:00:05     ; 1.0                     ; 548 MB              ; 00:00:02                           ;
; Total                     ; 00:05:00     ; --                      ; --                  ; 00:04:25                           ;
+---------------------------+--------------+-------------------------+---------------------+------------------------------------+


+----------------------------------------------------------------------------------------+
; Flow OS Summary                                                                        ;
+---------------------------+------------------+-----------+------------+----------------+
; Module Name               ; Machine Hostname ; OS Name   ; OS Version ; Processor type ;
+---------------------------+------------------+-----------+------------+----------------+
; Analysis & Synthesis      ; EE-137PC22       ; Windows 7 ; 6.2        ; x86_64         ;
; Fitter                    ; EE-137PC22       ; Windows 7 ; 6.2        ; x86_64         ;
; Assembler                 ; EE-137PC22       ; Windows 7 ; 6.2        ; x86_64         ;
; TimeQuest Timing Analyzer ; EE-137PC22       ; Windows 7 ; 6.2        ; x86_64         ;
; EDA Netlist Writer        ; EE-137PC22       ; Windows 7 ; 6.2        ; x86_64         ;
; Analysis & Synthesis      ; EE-137PC22       ; Windows 7 ; 6.2        ; x86_64         ;
; Partition Merge           ; EE-137PC22       ; Windows 7 ; 6.2        ; x86_64         ;
; Fitter                    ; EE-137PC22       ; Windows 7 ; 6.2        ; x86_64         ;
; Assembler                 ; EE-137PC22       ; Windows 7 ; 6.2        ; x86_64         ;
; TimeQuest Timing Analyzer ; EE-137PC22       ; Windows 7 ; 6.2        ; x86_64         ;
; EDA Netlist Writer        ; EE-137PC22       ; Windows 7 ; 6.2        ; x86_64         ;
; Analysis & Synthesis      ; EE-137PC22       ; Windows 7 ; 6.2        ; x86_64         ;
; Partition Merge           ; EE-137PC22       ; Windows 7 ; 6.2        ; x86_64         ;
; Fitter                    ; EE-137PC22       ; Windows 7 ; 6.2        ; x86_64         ;
; Assembler                 ; EE-137PC22       ; Windows 7 ; 6.2        ; x86_64         ;
; TimeQuest Timing Analyzer ; EE-137PC22       ; Windows 7 ; 6.2        ; x86_64         ;
; EDA Netlist Writer        ; EE-137PC22       ; Windows 7 ; 6.2        ; x86_64         ;
+---------------------------+------------------+-----------+------------+----------------+


------------
; Flow Log ;
------------
quartus_map --read_settings_files=on --write_settings_files=off down_counter -c down_counter
quartus_fit --read_settings_files=off --write_settings_files=off down_counter -c down_counter
quartus_asm --read_settings_files=off --write_settings_files=off down_counter -c down_counter
quartus_sta down_counter -c down_counter
quartus_eda --read_settings_files=off --write_settings_files=off down_counter -c down_counter
quartus_map --read_settings_files=on --write_settings_files=off down_counter -c down_counter --recompile=on
quartus_cdb --read_settings_files=on --write_settings_files=off down_counter -c down_counter --merge=on --recompile=on
quartus_fit --read_settings_files=off --write_settings_files=off down_counter -c down_counter --recompile=on
quartus_asm --read_settings_files=off --write_settings_files=off down_counter -c down_counter
quartus_sta down_counter -c down_counter
quartus_eda --read_settings_files=off --write_settings_files=off down_counter -c down_counter
quartus_map --read_settings_files=on --write_settings_files=off down_counter -c down_counter
quartus_cdb --read_settings_files=off --write_settings_files=off down_counter -c down_counter --merge=on
quartus_fit --read_settings_files=off --write_settings_files=off down_counter -c down_counter
quartus_asm --read_settings_files=off --write_settings_files=off down_counter -c down_counter
quartus_sta down_counter -c down_counter
quartus_eda --read_settings_files=off --write_settings_files=off down_counter -c down_counter



